{"/Users/agiammarchi/git/endow/test.js":{"path":"/Users/agiammarchi/git/endow/test.js","s":{"1":1,"2":1,"3":3,"4":1,"5":2,"6":1,"7":1,"8":1,"9":1,"10":1,"11":1,"12":1,"13":1,"14":1,"15":1,"16":1,"17":1},"b":{},"f":{"1":1,"2":1},"fnMap":{"1":{"name":"(anonymous_1)","line":23,"loc":{"start":{"line":23,"column":52},"end":{"line":23,"column":55}}},"2":{"name":"(anonymous_2)","line":36,"loc":{"start":{"line":36,"column":11},"end":{"line":36,"column":28}}}},"statementMap":{"1":{"start":{"line":1,"column":0},"end":{"line":1,"column":33}},"2":{"start":{"line":3,"column":0},"end":{"line":3,"column":46}},"3":{"start":{"line":3,"column":20},"end":{"line":3,"column":45}},"4":{"start":{"line":4,"column":0},"end":{"line":4,"column":46}},"5":{"start":{"line":4,"column":20},"end":{"line":4,"column":45}},"6":{"start":{"line":10,"column":0},"end":{"line":20,"column":18}},"7":{"start":{"line":22,"column":0},"end":{"line":22,"column":46}},"8":{"start":{"line":22,"column":20},"end":{"line":22,"column":45}},"9":{"start":{"line":23,"column":0},"end":{"line":23,"column":75}},"10":{"start":{"line":23,"column":57},"end":{"line":23,"column":70}},"11":{"start":{"line":26,"column":0},"end":{"line":30,"column":18}},"12":{"start":{"line":32,"column":0},"end":{"line":32,"column":47}},"13":{"start":{"line":33,"column":0},"end":{"line":33,"column":23}},"14":{"start":{"line":34,"column":0},"end":{"line":34,"column":37}},"15":{"start":{"line":36,"column":0},"end":{"line":38,"column":2}},"16":{"start":{"line":37,"column":2},"end":{"line":37,"column":35}},"17":{"start":{"line":41,"column":0},"end":{"line":44,"column":18}}},"branchMap":{}},"/Users/agiammarchi/git/endow/cjs/index.js":{"path":"/Users/agiammarchi/git/endow/cjs/index.js","s":{"1":2,"2":2,"3":2,"4":7,"5":2,"6":1,"7":5,"8":5,"9":7,"10":7,"11":7,"12":3,"13":4,"14":3,"15":5,"16":2,"17":1,"18":3,"19":3,"20":3,"21":1,"22":11,"23":1,"24":13},"b":{"1":[2,1],"2":[3,4],"3":[3,1]},"f":{"1":7,"2":5,"3":5,"4":3,"5":11,"6":13},"fnMap":{"1":{"name":"(anonymous_1)","line":17,"loc":{"start":{"line":17,"column":9},"end":{"line":17,"column":27}}},"2":{"name":"endow","line":24,"loc":{"start":{"line":24,"column":0},"end":{"line":24,"column":22}}},"3":{"name":"(anonymous_3)","line":27,"loc":{"start":{"line":27,"column":12},"end":{"line":27,"column":24}}},"4":{"name":"define","line":65,"loc":{"start":{"line":65,"column":0},"end":{"line":65,"column":43}}},"5":{"name":"has","line":72,"loc":{"start":{"line":72,"column":0},"end":{"line":72,"column":28}}},"6":{"name":"instanceOf","line":77,"loc":{"start":{"line":77,"column":0},"end":{"line":77,"column":27}}}},"statementMap":{"1":{"start":{"line":6,"column":0},"end":{"line":6,"column":30}},"2":{"start":{"line":11,"column":0},"end":{"line":11,"column":48}},"3":{"start":{"line":15,"column":0},"end":{"line":20,"column":2}},"4":{"start":{"line":18,"column":4},"end":{"line":18,"column":50}},"5":{"start":{"line":23,"column":0},"end":{"line":23,"column":76}},"6":{"start":{"line":24,"column":0},"end":{"line":60,"column":1}},"7":{"start":{"line":25,"column":2},"end":{"line":59,"column":4}},"8":{"start":{"line":28,"column":6},"end":{"line":56,"column":7}},"9":{"start":{"line":33,"column":8},"end":{"line":33,"column":29}},"10":{"start":{"line":34,"column":8},"end":{"line":34,"column":29}},"11":{"start":{"line":51,"column":8},"end":{"line":55,"column":9}},"12":{"start":{"line":52,"column":10},"end":{"line":52,"column":37}},"13":{"start":{"line":53,"column":15},"end":{"line":55,"column":9}},"14":{"start":{"line":54,"column":10},"end":{"line":54,"column":35}},"15":{"start":{"line":57,"column":6},"end":{"line":57,"column":19}},"16":{"start":{"line":61,"column":0},"end":{"line":61,"column":21}},"17":{"start":{"line":65,"column":0},"end":{"line":69,"column":1}},"18":{"start":{"line":66,"column":2},"end":{"line":66,"column":40}},"19":{"start":{"line":67,"column":2},"end":{"line":67,"column":42}},"20":{"start":{"line":68,"column":2},"end":{"line":68,"column":46}},"21":{"start":{"line":72,"column":0},"end":{"line":74,"column":1}},"22":{"start":{"line":73,"column":2},"end":{"line":73,"column":38}},"23":{"start":{"line":77,"column":0},"end":{"line":79,"column":1}},"24":{"start":{"line":78,"column":2},"end":{"line":78,"column":31}}},"branchMap":{"1":{"line":11,"type":"binary-expr","locations":[{"start":{"line":11,"column":18},"end":{"line":11,"column":36}},{"start":{"line":11,"column":40},"end":{"line":11,"column":47}}]},"2":{"line":51,"type":"if","locations":[{"start":{"line":51,"column":8},"end":{"line":51,"column":8}},{"start":{"line":51,"column":8},"end":{"line":51,"column":8}}]},"3":{"line":53,"type":"if","locations":[{"start":{"line":53,"column":15},"end":{"line":53,"column":15}},{"start":{"line":53,"column":15},"end":{"line":53,"column":15}}]}}}}