{"/Users/agiammarchi/git/endow/test.js":{"path":"/Users/agiammarchi/git/endow/test.js","s":{"1":1,"2":1,"3":3,"4":1,"5":2,"6":1,"7":1,"8":1,"9":1,"10":1,"11":1,"12":7,"13":1,"14":1,"15":7,"16":1,"17":1,"18":7,"19":1,"20":1,"21":1,"22":1,"23":1,"24":1,"25":1,"26":1,"27":1},"b":{"1":[1,1,1]},"f":{"1":1,"2":7,"3":7,"4":7,"5":1},"fnMap":{"1":{"name":"(anonymous_1)","line":23,"loc":{"start":{"line":23,"column":52},"end":{"line":23,"column":55}}},"2":{"name":"(anonymous_2)","line":33,"loc":{"start":{"line":33,"column":13},"end":{"line":33,"column":16}}},"3":{"name":"(anonymous_3)","line":38,"loc":{"start":{"line":38,"column":13},"end":{"line":38,"column":16}}},"4":{"name":"(anonymous_4)","line":43,"loc":{"start":{"line":43,"column":13},"end":{"line":43,"column":16}}},"5":{"name":"(anonymous_5)","line":63,"loc":{"start":{"line":63,"column":11},"end":{"line":63,"column":28}}}},"statementMap":{"1":{"start":{"line":1,"column":0},"end":{"line":1,"column":33}},"2":{"start":{"line":3,"column":0},"end":{"line":3,"column":46}},"3":{"start":{"line":3,"column":20},"end":{"line":3,"column":45}},"4":{"start":{"line":4,"column":0},"end":{"line":4,"column":46}},"5":{"start":{"line":4,"column":20},"end":{"line":4,"column":45}},"6":{"start":{"line":10,"column":0},"end":{"line":20,"column":18}},"7":{"start":{"line":22,"column":0},"end":{"line":22,"column":46}},"8":{"start":{"line":22,"column":20},"end":{"line":22,"column":45}},"9":{"start":{"line":23,"column":0},"end":{"line":23,"column":75}},"10":{"start":{"line":23,"column":57},"end":{"line":23,"column":70}},"11":{"start":{"line":26,"column":0},"end":{"line":30,"column":18}},"12":{"start":{"line":34,"column":4},"end":{"line":34,"column":21}},"13":{"start":{"line":37,"column":0},"end":{"line":41,"column":2}},"14":{"start":{"line":37,"column":20},"end":{"line":41,"column":1}},"15":{"start":{"line":39,"column":4},"end":{"line":39,"column":22}},"16":{"start":{"line":42,"column":0},"end":{"line":46,"column":2}},"17":{"start":{"line":42,"column":20},"end":{"line":46,"column":1}},"18":{"start":{"line":44,"column":4},"end":{"line":44,"column":22}},"19":{"start":{"line":47,"column":0},"end":{"line":47,"column":62}},"20":{"start":{"line":49,"column":0},"end":{"line":55,"column":18}},"21":{"start":{"line":57,"column":0},"end":{"line":57,"column":23}},"22":{"start":{"line":59,"column":0},"end":{"line":59,"column":47}},"23":{"start":{"line":60,"column":0},"end":{"line":60,"column":23}},"24":{"start":{"line":61,"column":0},"end":{"line":61,"column":37}},"25":{"start":{"line":63,"column":0},"end":{"line":65,"column":2}},"26":{"start":{"line":64,"column":2},"end":{"line":64,"column":35}},"27":{"start":{"line":68,"column":0},"end":{"line":71,"column":18}}},"branchMap":{"1":{"line":54,"type":"binary-expr","locations":[{"start":{"line":54,"column":2},"end":{"line":54,"column":11}},{"start":{"line":54,"column":15},"end":{"line":54,"column":25}},{"start":{"line":54,"column":28},"end":{"line":54,"column":38}}]}}},"/Users/agiammarchi/git/endow/cjs/index.js":{"path":"/Users/agiammarchi/git/endow/cjs/index.js","s":{"1":2,"2":2,"3":2,"4":2,"5":2,"6":2,"7":1,"8":1,"9":1,"10":2,"11":2,"12":2,"13":9,"14":2,"15":1,"16":6,"17":6,"18":9,"19":9,"20":9,"21":3,"22":6,"23":5,"24":6,"25":2,"26":1,"27":5,"28":5,"29":5,"30":1,"31":15,"32":1,"33":15},"b":{"1":[1,1],"2":[2,1],"3":[3,6],"4":[5,1]},"f":{"1":2,"2":2,"3":1,"4":9,"5":6,"6":6,"7":5,"8":15,"9":15},"fnMap":{"1":{"name":"(anonymous_1)","line":15,"loc":{"start":{"line":15,"column":13},"end":{"line":15,"column":25}}},"2":{"name":"(anonymous_2)","line":17,"loc":{"start":{"line":17,"column":9},"end":{"line":17,"column":31}}},"3":{"name":"(anonymous_3)","line":22,"loc":{"start":{"line":22,"column":18},"end":{"line":22,"column":35}}},"4":{"name":"(anonymous_4)","line":47,"loc":{"start":{"line":47,"column":9},"end":{"line":47,"column":27}}},"5":{"name":"endow","line":54,"loc":{"start":{"line":54,"column":0},"end":{"line":54,"column":22}}},"6":{"name":"(anonymous_6)","line":56,"loc":{"start":{"line":56,"column":10},"end":{"line":56,"column":22}}},"7":{"name":"define","line":94,"loc":{"start":{"line":94,"column":0},"end":{"line":94,"column":43}}},"8":{"name":"has","line":101,"loc":{"start":{"line":101,"column":0},"end":{"line":101,"column":28}}},"9":{"name":"instanceOf","line":106,"loc":{"start":{"line":106,"column":0},"end":{"line":106,"column":27}}}},"statementMap":{"1":{"start":{"line":9,"column":0},"end":{"line":9,"column":32}},"2":{"start":{"line":10,"column":0},"end":{"line":10,"column":32}},"3":{"start":{"line":15,"column":0},"end":{"line":30,"column":2}},"4":{"start":{"line":16,"column":2},"end":{"line":16,"column":25}},"5":{"start":{"line":17,"column":2},"end":{"line":29,"column":4}},"6":{"start":{"line":18,"column":4},"end":{"line":28,"column":17}},"7":{"start":{"line":23,"column":10},"end":{"line":23,"column":42}},"8":{"start":{"line":24,"column":10},"end":{"line":24,"column":58}},"9":{"start":{"line":25,"column":10},"end":{"line":25,"column":60}},"10":{"start":{"line":36,"column":0},"end":{"line":36,"column":30}},"11":{"start":{"line":41,"column":0},"end":{"line":41,"column":48}},"12":{"start":{"line":45,"column":0},"end":{"line":50,"column":2}},"13":{"start":{"line":48,"column":4},"end":{"line":48,"column":50}},"14":{"start":{"line":53,"column":0},"end":{"line":53,"column":76}},"15":{"start":{"line":54,"column":0},"end":{"line":89,"column":1}},"16":{"start":{"line":55,"column":2},"end":{"line":88,"column":4}},"17":{"start":{"line":57,"column":6},"end":{"line":85,"column":7}},"18":{"start":{"line":62,"column":8},"end":{"line":62,"column":29}},"19":{"start":{"line":63,"column":8},"end":{"line":63,"column":29}},"20":{"start":{"line":80,"column":8},"end":{"line":84,"column":9}},"21":{"start":{"line":81,"column":10},"end":{"line":81,"column":37}},"22":{"start":{"line":82,"column":15},"end":{"line":84,"column":9}},"23":{"start":{"line":83,"column":10},"end":{"line":83,"column":35}},"24":{"start":{"line":86,"column":6},"end":{"line":86,"column":19}},"25":{"start":{"line":90,"column":0},"end":{"line":90,"column":21}},"26":{"start":{"line":94,"column":0},"end":{"line":98,"column":1}},"27":{"start":{"line":95,"column":2},"end":{"line":95,"column":40}},"28":{"start":{"line":96,"column":2},"end":{"line":96,"column":42}},"29":{"start":{"line":97,"column":2},"end":{"line":97,"column":46}},"30":{"start":{"line":101,"column":0},"end":{"line":103,"column":1}},"31":{"start":{"line":102,"column":2},"end":{"line":102,"column":38}},"32":{"start":{"line":106,"column":0},"end":{"line":108,"column":1}},"33":{"start":{"line":107,"column":2},"end":{"line":107,"column":31}}},"branchMap":{"1":{"line":18,"type":"cond-expr","locations":[{"start":{"line":19,"column":6},"end":{"line":27,"column":7}},{"start":{"line":28,"column":6},"end":{"line":28,"column":16}}]},"2":{"line":41,"type":"binary-expr","locations":[{"start":{"line":41,"column":18},"end":{"line":41,"column":36}},{"start":{"line":41,"column":40},"end":{"line":41,"column":47}}]},"3":{"line":80,"type":"if","locations":[{"start":{"line":80,"column":8},"end":{"line":80,"column":8}},{"start":{"line":80,"column":8},"end":{"line":80,"column":8}}]},"4":{"line":82,"type":"if","locations":[{"start":{"line":82,"column":15},"end":{"line":82,"column":15}},{"start":{"line":82,"column":15},"end":{"line":82,"column":15}}]}}}}