TN:
SF:/Users/agiammarchi/git/endow/test.js
FN:23,(anonymous_1)
FN:33,(anonymous_2)
FN:38,(anonymous_3)
FN:43,(anonymous_4)
FN:63,(anonymous_5)
FNF:5
FNH:5
FNDA:1,(anonymous_1)
FNDA:7,(anonymous_2)
FNDA:7,(anonymous_3)
FNDA:7,(anonymous_4)
FNDA:1,(anonymous_5)
DA:1,1
DA:3,3
DA:4,2
DA:10,1
DA:22,1
DA:23,1
DA:26,1
DA:34,7
DA:37,1
DA:39,7
DA:42,1
DA:44,7
DA:47,1
DA:49,1
DA:57,1
DA:59,1
DA:60,1
DA:61,1
DA:63,1
DA:64,1
DA:68,1
LF:21
LH:21
BRDA:54,1,0,1
BRDA:54,1,1,1
BRDA:54,1,2,1
BRF:3
BRH:3
end_of_record
TN:
SF:/Users/agiammarchi/git/endow/cjs/index.js
FN:15,(anonymous_1)
FN:17,(anonymous_2)
FN:22,(anonymous_3)
FN:47,(anonymous_4)
FN:54,endow
FN:56,(anonymous_6)
FN:94,define
FN:101,has
FN:106,instanceOf
FNF:9
FNH:9
FNDA:2,(anonymous_1)
FNDA:2,(anonymous_2)
FNDA:1,(anonymous_3)
FNDA:9,(anonymous_4)
FNDA:6,endow
FNDA:6,(anonymous_6)
FNDA:5,define
FNDA:15,has
FNDA:15,instanceOf
DA:9,2
DA:10,2
DA:15,2
DA:16,2
DA:17,2
DA:18,2
DA:23,1
DA:24,1
DA:25,1
DA:36,2
DA:41,2
DA:45,2
DA:48,9
DA:53,2
DA:54,1
DA:55,6
DA:57,6
DA:62,9
DA:63,9
DA:80,9
DA:81,3
DA:82,6
DA:83,5
DA:86,6
DA:90,2
DA:94,1
DA:95,5
DA:96,5
DA:97,5
DA:101,1
DA:102,15
DA:106,1
DA:107,15
LF:33
LH:33
BRDA:18,1,0,1
BRDA:18,1,1,1
BRDA:41,2,0,2
BRDA:41,2,1,1
BRDA:80,3,0,3
BRDA:80,3,1,6
BRDA:82,4,0,5
BRDA:82,4,1,1
BRF:8
BRH:8
end_of_record
