TN:
SF:/Users/agiammarchi/git/endow/test.js
FN:23,(anonymous_1)
FNF:1
FNH:1
FNDA:1,(anonymous_1)
DA:1,1
DA:3,3
DA:4,2
DA:10,1
DA:22,1
DA:23,1
DA:26,1
LF:7
LH:7
BRF:0
BRH:0
end_of_record
TN:
SF:/Users/agiammarchi/git/endow/cjs/index.js
FN:6,endow
FN:8,(anonymous_2)
FN:32,(anonymous_3)
FN:37,define
FN:43,has
FN:47,instanceOf
FNF:6
FNH:6
FNDA:4,endow
FNDA:4,(anonymous_2)
FNDA:7,(anonymous_3)
FNDA:2,define
FNDA:9,has
FNDA:13,instanceOf
DA:5,1
DA:6,1
DA:7,4
DA:9,4
DA:14,6
DA:15,6
DA:16,6
DA:17,3
DA:18,3
DA:19,2
DA:22,4
DA:26,1
DA:28,1
DA:29,1
DA:30,1
DA:33,7
DA:37,1
DA:38,2
DA:39,2
DA:40,2
DA:43,1
DA:44,9
DA:47,1
DA:48,13
LF:24
LH:24
BRDA:16,1,0,3
BRDA:16,1,1,3
BRDA:18,2,0,2
BRDA:18,2,1,1
BRF:4
BRH:4
end_of_record
